<?xml version="1.0" encoding="UTF-8"?>
<!-- Generated by org.testng.reporters.JUnitReportReporter -->
<testsuite hostname="DESKTOP-QG8CIRA" failures="0" tests="6" name="orangeHRMTestClasses.TestCase4" time="11.619" errors="0" timestamp="2024-04-10T12:16:20 IST" skipped="0">
  <testcase classname="orangeHRMTestClasses.TestCase4" name="verifyAssignLeaves" time="5.785"/>
  <system-out/>
  <testcase classname="orangeHRMTestClasses.TestCase4" name="verifyLeaveList" time="1.192"/>
  <system-out/>
  <testcase classname="orangeHRMTestClasses.TestCase4" name="verifyTimesheets" time="1.148"/>
  <system-out/>
  <testcase classname="orangeHRMTestClasses.TestCase4" name="verifyApplyLeave" time="1.169"/>
  <system-out/>
  <testcase classname="orangeHRMTestClasses.TestCase4" name="verifyMyLeave" time="1.161"/>
  <system-out/>
  <testcase classname="orangeHRMTestClasses.TestCase4" name="verifyMyTimesheets" time="1.164"/>
  <system-out/>
</testsuite> <!-- orangeHRMTestClasses.TestCase4 -->
