<?xml version="1.0" encoding="UTF-8"?>
<!-- Generated by org.testng.reporters.JUnitReportReporter -->
<testsuite hostname="DESKTOP-QG8CIRA" failures="0" tests="2" name="orangeHRMTestClasses.TestCase3" time="18.992" errors="0" timestamp="2024-04-10T12:16:20 IST" skipped="0">
  <testcase classname="orangeHRMTestClasses.TestCase3" name="testPunchIn" time="10.680"/>
  <system-out/>
  <testcase classname="orangeHRMTestClasses.TestCase3" name="testPunchOut" time="8.312"/>
  <system-out/>
</testsuite> <!-- orangeHRMTestClasses.TestCase3 -->
