<?xml version="1.0" encoding="UTF-8"?>
<!-- Generated by org.testng.reporters.JUnitReportReporter -->
<testsuite hostname="DESKTOP-QG8CIRA" failures="0" tests="1" name="orangeHRMTestClasses.TestCase1" time="4.282" errors="0" timestamp="2024-04-10T12:16:20 IST" skipped="0">
  <testcase classname="orangeHRMTestClasses.TestCase1" name="testNullUsernameAndPassword" time="4.282"/>
  <system-out/>
</testsuite> <!-- orangeHRMTestClasses.TestCase1 -->
