<?xml version="1.0" encoding="UTF-8"?>
<!-- Generated by org.testng.reporters.JUnitReportReporter -->
<testsuite hostname="DESKTOP-QG8CIRA" failures="0" tests="2" name="orangeHRMTestClasses.TestCase2" time="9.907" errors="0" timestamp="2024-04-10T12:16:20 IST" skipped="0">
  <testcase classname="orangeHRMTestClasses.TestCase2" name="testLoginFunctionality" time="3.381"/>
  <system-out/>
  <testcase classname="orangeHRMTestClasses.TestCase2" name="testLogoutFunctionalityHoverOnLogout" time="6.526"/>
  <system-out/>
</testsuite> <!-- orangeHRMTestClasses.TestCase2 -->
