<?xml version="1.0" encoding="UTF-8"?>
<!-- Generated by org.testng.reporters.JUnitReportReporter -->
<testsuite hostname="DESKTOP-QG8CIRA" failures="0" tests="2" name="orangeHRMTestClasses.TestCase2" time="10.625" errors="0" timestamp="2024-04-10T13:18:22 IST" skipped="0">
  <testcase classname="orangeHRMTestClasses.TestCase2" name="testLoginFunctionality" time="4.322"/>
  <system-out/>
  <testcase classname="orangeHRMTestClasses.TestCase2" name="testLogoutFunctionalityHoverOnLogout" time="6.303"/>
  <system-out/>
</testsuite> <!-- orangeHRMTestClasses.TestCase2 -->
