<?xml version="1.0" encoding="UTF-8"?>
<!-- Generated by org.testng.reporters.JUnitReportReporter -->
<testsuite hostname="DESKTOP-QG8CIRA" failures="0" tests="6" name="orangeHRMTestClasses.TestCase4" time="11.310" errors="0" timestamp="2024-04-10T13:18:22 IST" skipped="0">
  <testcase classname="orangeHRMTestClasses.TestCase4" name="verifyAssignLeaves" time="5.577"/>
  <system-out/>
  <testcase classname="orangeHRMTestClasses.TestCase4" name="verifyLeaveList" time="1.155"/>
  <system-out/>
  <testcase classname="orangeHRMTestClasses.TestCase4" name="verifyTimesheets" time="1.139"/>
  <system-out/>
  <testcase classname="orangeHRMTestClasses.TestCase4" name="verifyApplyLeave" time="1.152"/>
  <system-out/>
  <testcase classname="orangeHRMTestClasses.TestCase4" name="verifyMyLeave" time="1.139"/>
  <system-out/>
  <testcase classname="orangeHRMTestClasses.TestCase4" name="verifyMyTimesheets" time="1.148"/>
  <system-out/>
</testsuite> <!-- orangeHRMTestClasses.TestCase4 -->
