<?xml version="1.0" encoding="UTF-8"?>
<!-- Generated by org.testng.reporters.JUnitReportReporter -->
<testsuite hostname="DESKTOP-QG8CIRA" failures="0" tests="2" name="orangeHRMTestClasses.TestCase3" time="19.258" errors="0" timestamp="2024-04-10T13:18:22 IST" skipped="0">
  <testcase classname="orangeHRMTestClasses.TestCase3" name="testPunchIn" time="10.801"/>
  <system-out/>
  <testcase classname="orangeHRMTestClasses.TestCase3" name="testPunchOut" time="8.457"/>
  <system-out/>
</testsuite> <!-- orangeHRMTestClasses.TestCase3 -->
